<?xml version="1.0" encoding="UTF-8"?>
<Site BuildName="(empty)"
	BuildStamp="20221030-1239-Experimental"
	Name="(empty)"
	Generator="ctest-3.24.1"
	CompilerName=""
	CompilerVersion=""
	OSName="Linux"
	Hostname="JoeRustom"
	OSRelease="5.10.16.3-microsoft-standard-WSL2"
	OSVersion="#1 SMP Fri Apr 2 22:23:49 UTC 2021"
	OSPlatform="x86_64"
	Is64Bits="1"
	VendorString="GenuineIntel"
	VendorID="Intel Corporation"
	FamilyID="6"
	ModelID="94"
	ProcessorCacheSize="6144"
	NumberOfLogicalCPU="8"
	NumberOfPhysicalCPU="4"
	TotalVirtualMemory="4096"
	TotalPhysicalMemory="12750"
	LogicalProcessorsPerPhysical="2"
	ProcessorClockFrequency="2592"
	>
	<Testing>
		<StartDateTime>Oct 30 14:39 EET</StartDateTime>
		<StartTestTime>1667133580</StartTestTime>
		<TestList>
			<Test>./myBigInt.converting_from_dec_to_binary_21</Test>
			<Test>./myBigInt.converting_from_dec_to_binary_0</Test>
			<Test>./myBigInt.converting_from_dec_to_binary_32</Test>
			<Test>./myBigInt.converting_from_dec_to_binary_7413</Test>
			<Test>./myBigInt.converting_bin_string_to_vec_string</Test>
			<Test>./myBigInt.add_two_numbers</Test>
		</TestList>
		<Test Status="passed">
			<Name>myBigInt.converting_from_dec_to_binary_21</Name>
			<Path>.</Path>
			<FullName>./myBigInt.converting_from_dec_to_binary_21</FullName>
			<FullCommandLine>/home/joe/dev/myBigInt/build/myBigIntUnitTests "--gtest_filter=myBigInt.converting_from_dec_to_binary_21" "--gtest_also_run_disabled_tests"</FullCommandLine>
			<Results>
				<NamedMeasurement type="numeric/double" name="Execution Time">
					<Value>0.0043449</Value>
				</NamedMeasurement>
				<NamedMeasurement type="numeric/double" name="Processors">
					<Value>1</Value>
				</NamedMeasurement>
				<NamedMeasurement type="text/string" name="Completion Status">
					<Value>Completed</Value>
				</NamedMeasurement>
				<NamedMeasurement type="text/string" name="Command Line">
					<Value>/home/joe/dev/myBigInt/build/myBigIntUnitTests "--gtest_filter=myBigInt.converting_from_dec_to_binary_21" "--gtest_also_run_disabled_tests"</Value>
				</NamedMeasurement>
				<NamedMeasurement type="text/string" name="Environment">
					<Value>#CTEST_RESOURCE_GROUP_COUNT=</Value>
				</NamedMeasurement>
				<Measurement>
					<Value encoding="base64" compression="gzip">eJyVkE1PwzAMhu/5FT6uhzaMI9IOINCEkAbq4FRVUdp6JSiJp9Qt2r+nH9u0ISE2n2z59evHTlvvja/BaeNnEWwCOZCf5FB+EcoKO+l2D6Z+9iyL1thKqgq3jayJaouMDcdNKE9KOZZDpgbLpCzFihjvYDlK4L3vwMZYxgALOHgnJfkOA/ckakDol5SKSRXG67BTt3ORLY6RQ7qHngOPdgP0Pm9aw5iILD5GDktLhbZTH31nAnmHvtcix+32l/jU84AnMkg/VjBGfg30NAKvL9eMwewGXBP9jzUJgYm1jcRlNzPqEFf07c8/+tcnIWifnO/pj3q7X6+fHodfTNpE/ACMf79a====</Value>
				</Measurement>
			</Results>
		</Test>
		<Test Status="passed">
			<Name>myBigInt.converting_from_dec_to_binary_0</Name>
			<Path>.</Path>
			<FullName>./myBigInt.converting_from_dec_to_binary_0</FullName>
			<FullCommandLine>/home/joe/dev/myBigInt/build/myBigIntUnitTests "--gtest_filter=myBigInt.converting_from_dec_to_binary_0" "--gtest_also_run_disabled_tests"</FullCommandLine>
			<Results>
				<NamedMeasurement type="numeric/double" name="Execution Time">
					<Value>0.0040733</Value>
				</NamedMeasurement>
				<NamedMeasurement type="numeric/double" name="Processors">
					<Value>1</Value>
				</NamedMeasurement>
				<NamedMeasurement type="text/string" name="Completion Status">
					<Value>Completed</Value>
				</NamedMeasurement>
				<NamedMeasurement type="text/string" name="Command Line">
					<Value>/home/joe/dev/myBigInt/build/myBigIntUnitTests "--gtest_filter=myBigInt.converting_from_dec_to_binary_0" "--gtest_also_run_disabled_tests"</Value>
				</NamedMeasurement>
				<NamedMeasurement type="text/string" name="Environment">
					<Value>#CTEST_RESOURCE_GROUP_COUNT=</Value>
				</NamedMeasurement>
				<Measurement>
					<Value encoding="base64" compression="gzip">eJyVkE1PwzAMhu/5FT6uhzbjirQDCDQhpIE6OFVVlLZeCWrsKXWH9u/pxzZtSAjmky2/fv3YaUfkqAZvHc0i2AT2oD/Yo/5k1BXutN/fu/qJRBedayptKty2umauGxRsJW5DeVbqsRwyM1gmZalWLHgLy1ECb30HNq4RDLCAo3dSMu0wSE9iBoR+SWmETeHIhr2Zq2xxihzSA/MNyOg2MB/ytnOCicriU+SwbLiwzdRH2rnA5JF6LUrcbX+Izz2PdCqD9H0FY+RXME8T8PJ8xRTM5uDb6G+oSQjCYptI/e9iQRviir/o8p+//RGCpeRyT3/T6916/fgwfGLSJuobp+2+wQ==</Value>
				</Measurement>
			</Results>
		</Test>
		<Test Status="passed">
			<Name>myBigInt.converting_from_dec_to_binary_32</Name>
			<Path>.</Path>
			<FullName>./myBigInt.converting_from_dec_to_binary_32</FullName>
			<FullCommandLine>/home/joe/dev/myBigInt/build/myBigIntUnitTests "--gtest_filter=myBigInt.converting_from_dec_to_binary_32" "--gtest_also_run_disabled_tests"</FullCommandLine>
			<Results>
				<NamedMeasurement type="numeric/double" name="Execution Time">
					<Value>0.0039654</Value>
				</NamedMeasurement>
				<NamedMeasurement type="numeric/double" name="Processors">
					<Value>1</Value>
				</NamedMeasurement>
				<NamedMeasurement type="text/string" name="Completion Status">
					<Value>Completed</Value>
				</NamedMeasurement>
				<NamedMeasurement type="text/string" name="Command Line">
					<Value>/home/joe/dev/myBigInt/build/myBigIntUnitTests "--gtest_filter=myBigInt.converting_from_dec_to_binary_32" "--gtest_also_run_disabled_tests"</Value>
				</NamedMeasurement>
				<NamedMeasurement type="text/string" name="Environment">
					<Value>#CTEST_RESOURCE_GROUP_COUNT=</Value>
				</NamedMeasurement>
				<Measurement>
					<Value encoding="base64" compression="gzip">eJyVkE1rwzAMhu/+FTo2h8T7uA162NgoY9CNdDuFYJxEzTxsuThKRv/98tGWdjC66iShV68eKW2JDNXgtKFZBOvgHchP71B+eZQVdtJtH0z9TCyL1thKqgo3jay9ry0yNhw3oTwq5VgOmRosk7IUS894B4tRAu99B9bGMgaYw947KT11GLgnUQNCv6RU7FVhSIetur0R2fwQOaQ76Gvg0W6A3uVNaxgTkcWHyGFhfaHt1EfqTPDkkHotctxufomPPfd4IoP0Ywlj5JdATyPw+nLJGMyuwDXReaxJCOxZ20j872ZGHeLKf9PpR//6JARNyeme/qi3+9Xq6XH4xaRNxA+TBr9g====</Value>
				</Measurement>
			</Results>
		</Test>
		<Test Status="passed">
			<Name>myBigInt.converting_from_dec_to_binary_7413</Name>
			<Path>.</Path>
			<FullName>./myBigInt.converting_from_dec_to_binary_7413</FullName>
			<FullCommandLine>/home/joe/dev/myBigInt/build/myBigIntUnitTests "--gtest_filter=myBigInt.converting_from_dec_to_binary_7413" "--gtest_also_run_disabled_tests"</FullCommandLine>
			<Results>
				<NamedMeasurement type="numeric/double" name="Execution Time">
					<Value>0.003944</Value>
				</NamedMeasurement>
				<NamedMeasurement type="numeric/double" name="Processors">
					<Value>1</Value>
				</NamedMeasurement>
				<NamedMeasurement type="text/string" name="Completion Status">
					<Value>Completed</Value>
				</NamedMeasurement>
				<NamedMeasurement type="text/string" name="Command Line">
					<Value>/home/joe/dev/myBigInt/build/myBigIntUnitTests "--gtest_filter=myBigInt.converting_from_dec_to_binary_7413" "--gtest_also_run_disabled_tests"</Value>
				</NamedMeasurement>
				<NamedMeasurement type="text/string" name="Environment">
					<Value>#CTEST_RESOURCE_GROUP_COUNT=</Value>
				</NamedMeasurement>
				<Measurement>
					<Value encoding="base64" compression="gzip">eJyVkE1Lw0AQhu/7K+bYHJK1KAhCD4pSRKiS6imEZZtM48rubNlMIv335qMtrVC0c5ph3nnnmUkbIkMVOG1oEsE6eAfy0zuUXx5lia102wdTPRPLVWNsKVWJm1pW3lcWGWuO61AclXIo+0z1lklRiIVnvIP5IIH3rgNrYxkDzGDvnRSeWgzckageoVtSKPZqZUiHrbq9mV6LbHaIHNId9hR4MOyxd3ndGMZEZPEhcphbv9J27CO1JnhySJ0WOW42v8THnntAkUH6sYAh8suwxyF4fblsECZX4Orob7RRCOxZ20j8725GHeLSf9PpV899E4Km5HRPd9bb/XL59Nj/Y9Qm4gdu4cCe====</Value>
				</Measurement>
			</Results>
		</Test>
		<Test Status="failed">
			<Name>myBigInt.converting_bin_string_to_vec_string</Name>
			<Path>.</Path>
			<FullName>./myBigInt.converting_bin_string_to_vec_string</FullName>
			<FullCommandLine>/home/joe/dev/myBigInt/build/myBigIntUnitTests "--gtest_filter=myBigInt.converting_bin_string_to_vec_string" "--gtest_also_run_disabled_tests"</FullCommandLine>
			<Results>
				<NamedMeasurement type="text/string" name="Exit Code">
					<Value>Failed</Value>
				</NamedMeasurement>
				<NamedMeasurement type="text/string" name="Exit Value">
					<Value>1</Value>
				</NamedMeasurement>
				<NamedMeasurement type="numeric/double" name="Execution Time">
					<Value>0.0046027</Value>
				</NamedMeasurement>
				<NamedMeasurement type="numeric/double" name="Processors">
					<Value>1</Value>
				</NamedMeasurement>
				<NamedMeasurement type="text/string" name="Completion Status">
					<Value>Completed</Value>
				</NamedMeasurement>
				<NamedMeasurement type="text/string" name="Command Line">
					<Value>/home/joe/dev/myBigInt/build/myBigIntUnitTests "--gtest_filter=myBigInt.converting_bin_string_to_vec_string" "--gtest_also_run_disabled_tests"</Value>
				</NamedMeasurement>
				<NamedMeasurement type="text/string" name="Environment">
					<Value>#CTEST_RESOURCE_GROUP_COUNT=</Value>
				</NamedMeasurement>
				<Measurement>
					<Value encoding="base64" compression="gzip">eJydUdtKw0AQfd+vGPrUgs3FKqWBPlSsIohIG/WhlJBupu3KZjfuTlL9ezfphVYQL7OwmWFPzpw5MymVEmoFeSpUuwNLo3Pw1zpH/1Wjn2Hl5x9XYnWnyF+UQmZ+kmFh/ZXWK4mElrrW8KPSb8o6S2pKj3P2oAkjuG0gELsXWApJaGAIe26Pa1WhIackWQiVWDJ1SjqpkO8qNhseYg6Tne4QqGGsde9yWwpCj826h5jDrdSLVG7fUVXCaJWjclikbll8AR9z7hWyGUyeHqCJ+d90f2PnPqkdsR4viuh8EMFNKmRpkI3fC+SEGeBbmUpBH6CXQGu0CFUqS7QRA+hfhD33cZ2nTatYXwn1jLzdCsMwCML6dqfVmQVzVit/WQu+BmEjCAfB4PKi3+/13GRwM7q7H1//dTJoB5Dbzs/mbYFAmlLZYb/bDGFqupneqNO9f7dvMKnyTvu4uR5H0+l2rqDBWu902i3DGUhha68XKPUm+r8hjDnG3a/xeBqzT459GlE=</Value>
				</Measurement>
			</Results>
		</Test>
		<Test Status="passed">
			<Name>myBigInt.add_two_numbers</Name>
			<Path>.</Path>
			<FullName>./myBigInt.add_two_numbers</FullName>
			<FullCommandLine>/home/joe/dev/myBigInt/build/myBigIntUnitTests "--gtest_filter=myBigInt.add_two_numbers" "--gtest_also_run_disabled_tests"</FullCommandLine>
			<Results>
				<NamedMeasurement type="numeric/double" name="Execution Time">
					<Value>0.0047829</Value>
				</NamedMeasurement>
				<NamedMeasurement type="numeric/double" name="Processors">
					<Value>1</Value>
				</NamedMeasurement>
				<NamedMeasurement type="text/string" name="Completion Status">
					<Value>Completed</Value>
				</NamedMeasurement>
				<NamedMeasurement type="text/string" name="Command Line">
					<Value>/home/joe/dev/myBigInt/build/myBigIntUnitTests "--gtest_filter=myBigInt.add_two_numbers" "--gtest_also_run_disabled_tests"</Value>
				</NamedMeasurement>
				<NamedMeasurement type="text/string" name="Environment">
					<Value>#CTEST_RESOURCE_GROUP_COUNT=</Value>
				</NamedMeasurement>
				<Measurement>
					<Value encoding="base64" compression="gzip">eJyNkE1PwzAMhu/5FT6uhzZwRdoBBJoQ0kAdnKqqShuvBCXxlLib+Pf0Y5s2JDZ8suXH9vs677w3vgWnjJ8lsA7kQH6SQ/lFKDVupft+MO2zZ1l3xmpZadxE2RK1FhkjpzE0J6UcyyGrhpVZ04glMd7BYkTgve/A2ljGAHM47M6U1hXvqPKdqzFEUcyPUUK+13gLPE4PGvd57AxjJor0GCUsLNXKTn30WxPIO/Q9i5x2m1/w6c6DGlFA/rGEMcoLGicCXl8uUDC7AReT60cnEJhY2UT8zxGjCqmmnT//119/gqB8dn6n9/B2v1o9PQ5OJzYTP/ucq8I=</Value>
				</Measurement>
			</Results>
		</Test>
		<EndDateTime>Oct 30 14:39 EET</EndDateTime>
		<EndTestTime>1667133580</EndTestTime>
		<ElapsedMinutes>0</ElapsedMinutes>
	</Testing>
</Site>
